==============================================================================
Adapter: 0
Product Name: Supermicro SMC2108
Memory: 512MB
BBU: Absent
Serial No: 
==============================================================================
Number of DISK GROUPS: 1

DISK GROUP: 0
Number of Spans: 1
SPAN: 0
Span Reference: 0x00
Number of PDs: 3
Number of VDs: 1
Number of dedicated Hotspares: 0
Virtual Drive Information:
Virtual Drive: 0 (Target Id: 0)
Name                :
RAID Level          : Primary-5, Secondary-0, RAID Level Qualifier-3
Size                : 1.816 TB
Parity Size         : 930.390 GB
State               : Optimal
Strip Size          : 64 KB
Number Of Drives    : 3
Span Depth          : 1
Default Cache Policy: WriteBack, ReadAhead, Cached, No Write Cache if Bad BBU
Current Cache Policy: WriteThrough, ReadAhead, Cached, No Write Cache if Bad BBU
Default Access Policy: Read/Write
Current Access Policy: Read/Write
Disk Cache Policy   : Disk's Default
Encryption Type     : None
Default Power Savings Policy: Controller Defined
Current Power Savings Policy: None
Can spin up in 1 minute: Yes
LD has drives that support T10 power conditions: No
LD's IO profile supports MAX power savings with cached writes: No
Bad Blocks Exist: No
Is VD Cached: Yes
Cache Cade Type : Read Only
Physical Disk Information:
Physical Disk: 0
Enclosure Device ID: 252
Slot Number: 4
Drive's postion: DiskGroup: 0, Span: 0, Arm: 0
Enclosure position: 0
Device Id: 1
WWN: 5000c5007980f503
Sequence Number: 2
Media Error Count: 0
Other Error Count: 0
Predictive Failure Count: 0
Last Predictive Failure Event Seq Number: 0
PD Type: SATA
Raw Size: 931.512 GB [0x74706db0 Sectors]
Non Coerced Size: 931.012 GB [0x74606db0 Sectors]
Coerced Size: 930.390 GB [0x744c8000 Sectors]
Firmware state: Online, Spun Up
Device Firmware Level: CC45
Shield Counter: 0
Successful diagnostics completion on :  N/A
SAS Address(0): 0x4433221104000000
Connected Port Number: 0(path0) 
Inquiry Data:             Z4Y2D0D3ST1000DM003-1ER162                      CC45    
FDE Enable: Disable
Secured: Unsecured
Locked: Unlocked
Needs EKM Attention: No
Foreign State: None 
Device Speed: 6.0Gb/s 
Link Speed: 6.0Gb/s 
Media Type: Hard Disk Device
Drive Temperature :26C (78.80 F)
PI Eligibility:  No 
Drive is formatted for PI information:  No
PI: No PI
Drive's write cache : Disabled
Drive's NCQ setting : Disabled
Port-0 :
Port status: Active
Port's Linkspeed: 6.0Gb/s 
Drive has flagged a S.M.A.R.T alert : No



Physical Disk: 1
Enclosure Device ID: 252
Slot Number: 5
Drive's postion: DiskGroup: 0, Span: 0, Arm: 1
Enclosure position: 0
Device Id: 3
WWN: 5000c5007c6276bf
Sequence Number: 2
Media Error Count: 0
Other Error Count: 0
Predictive Failure Count: 0
Last Predictive Failure Event Seq Number: 0
PD Type: SATA
Raw Size: 931.512 GB [0x74706db0 Sectors]
Non Coerced Size: 931.012 GB [0x74606db0 Sectors]
Coerced Size: 930.390 GB [0x744c8000 Sectors]
Firmware state: Online, Spun Up
Device Firmware Level: CC45
Shield Counter: 0
Successful diagnostics completion on :  N/A
SAS Address(0): 0x4433221105000000
Connected Port Number: 1(path0) 
Inquiry Data:             W4Y0S87BST1000DM003-1ER162                      CC45    
FDE Enable: Disable
Secured: Unsecured
Locked: Unlocked
Needs EKM Attention: No
Foreign State: None 
Device Speed: 6.0Gb/s 
Link Speed: 6.0Gb/s 
Media Type: Hard Disk Device
Drive Temperature :26C (78.80 F)
PI Eligibility:  No 
Drive is formatted for PI information:  No
PI: No PI
Drive's write cache : Disabled
Drive's NCQ setting : Disabled
Port-0 :
Port status: Active
Port's Linkspeed: 6.0Gb/s 
Drive has flagged a S.M.A.R.T alert : No



Physical Disk: 2
Enclosure Device ID: 252
Slot Number: 6
Drive's postion: DiskGroup: 0, Span: 0, Arm: 2
Enclosure position: 0
Device Id: 0
WWN: 5000c5007985110e
Sequence Number: 2
Media Error Count: 0
Other Error Count: 0
Predictive Failure Count: 0
Last Predictive Failure Event Seq Number: 0
PD Type: SATA
Raw Size: 931.512 GB [0x74706db0 Sectors]
Non Coerced Size: 931.012 GB [0x74606db0 Sectors]
Coerced Size: 930.390 GB [0x744c8000 Sectors]
Firmware state: Online, Spun Up
Device Firmware Level: CC45
Shield Counter: 0
Successful diagnostics completion on :  N/A
SAS Address(0): 0x4433221106000000
Connected Port Number: 2(path0) 
Inquiry Data:             Z4Y2DTC1ST1000DM003-1ER162                      CC45    
FDE Enable: Disable
Secured: Unsecured
Locked: Unlocked
Needs EKM Attention: No
Foreign State: None 
Device Speed: 6.0Gb/s 
Link Speed: 6.0Gb/s 
Media Type: Hard Disk Device
Drive Temperature :26C (78.80 F)
PI Eligibility:  No 
Drive is formatted for PI information:  No
PI: No PI
Drive's write cache : Disabled
Drive's NCQ setting : Disabled
Port-0 :
Port status: Active
Port's Linkspeed: 6.0Gb/s 
Drive has flagged a S.M.A.R.T alert : No




Exit Code: 0x00
